# JRE version: OpenJDK Runtime Environment Temurin-17.0.1+12 (17.0.1+12) (build 17.0.1+12)
# Java VM: OpenJDK 64-Bit Server VM Temurin-17.0.1+12 (17.0.1+12, mixed mode, tiered, compressed oops, compressed class ptrs, g1 gc, windows-amd64)
GC Precious Log:
 CPUs: 8 total, 8 available
 Memory: 8029M
 Large Page Support: Disabled
 NUMA Support: Disabled
 Compressed Oops: Enabled (32-bit)
 Heap Region Size: 1M
 Heap Min Capacity: 8M
 Heap Initial Capacity: 126M
 Heap Max Capacity: 2008M
 Pre-touch: Disabled
 Parallel Workers: 8
 Concurrent Workers: 2
 Concurrent Refinement Workers: 8
 Periodic GC: Disabled
Heap:
 garbage-first heap   total 27648K, used 15862K [0x0000000082800000, 0x0000000100000000)
  region size 1024K, 10 young (10240K), 1 survivors (1024K)
 Metaspace       used 24664K, committed 24896K, reserved 1073152K
  class space    used 2432K, committed 2560K, reserved 1048576K
GC Heap History (12 events):
Event: 23.880 GC heap before
{Heap before GC invocations=0 (full 0):
 garbage-first heap   total 129024K, used 25600K [0x0000000082800000, 0x0000000100000000)
  region size 1024K, 23 young (23552K), 0 survivors (0K)
 Metaspace       used 20085K, committed 20352K, reserved 1073152K
  class space    used 1999K, committed 2112K, reserved 1048576K
}
Event: 23.884 GC heap after
{Heap after GC invocations=1 (full 0):
 garbage-first heap   total 129024K, used 5621K [0x0000000082800000, 0x0000000100000000)
  region size 1024K, 3 young (3072K), 3 survivors (3072K)
 Metaspace       used 20085K, committed 20352K, reserved 1073152K
  class space    used 1999K, committed 2112K, reserved 1048576K
}
Event: 24.021 GC heap before
{Heap before GC invocations=1 (full 0):
 garbage-first heap   total 129024K, used 22005K [0x0000000082800000, 0x0000000100000000)
  region size 1024K, 20 young (20480K), 3 survivors (3072K)
 Metaspace       used 21336K, committed 21504K, reserved 1073152K
  class space    used 2099K, committed 2176K, reserved 1048576K
}
Event: 24.026 GC heap after
{Heap after GC invocations=2 (full 0):
 garbage-first heap   total 129024K, used 6234K [0x0000000082800000, 0x0000000100000000)
  region size 1024K, 1 young (1024K), 1 survivors (1024K)
 Metaspace       used 21336K, committed 21504K, reserved 1073152K
  class space    used 2099K, committed 2176K, reserved 1048576K
}
Event: 24.133 GC heap before
{Heap before GC invocations=3 (full 0):
 garbage-first heap   total 27648K, used 21594K [0x0000000082800000, 0x0000000100000000)
  region size 1024K, 17 young (17408K), 1 survivors (1024K)
 Metaspace       used 21948K, committed 22144K, reserved 1073152K
  class space    used 2151K, committed 2240K, reserved 1048576K
}
Event: 24.135 GC heap after
{Heap after GC invocations=4 (full 0):
 garbage-first heap   total 27648K, used 6744K [0x0000000082800000, 0x0000000100000000)
  region size 1024K, 2 young (2048K), 2 survivors (2048K)
 Metaspace       used 21948K, committed 22144K, reserved 1073152K
  class space    used 2151K, committed 2240K, reserved 1048576K
}
Event: 24.141 GC heap before
{Heap before GC invocations=4 (full 0):
 garbage-first heap   total 27648K, used 7768K [0x0000000082800000, 0x0000000100000000)
  region size 1024K, 3 young (3072K), 2 survivors (2048K)
 Metaspace       used 21948K, committed 22144K, reserved 1073152K
  class space    used 2151K, committed 2240K, reserved 1048576K
}
Event: 24.145 GC heap after
{Heap after GC invocations=5 (full 0):
 garbage-first heap   total 27648K, used 6836K [0x0000000082800000, 0x0000000100000000)
  region size 1024K, 1 young (1024K), 1 survivors (1024K)
 Metaspace       used 21948K, committed 22144K, reserved 1073152K
  class space    used 2151K, committed 2240K, reserved 1048576K
}
Event: 24.225 GC heap before
{Heap before GC invocations=5 (full 0):
 garbage-first heap   total 27648K, used 19124K [0x0000000082800000, 0x0000000100000000)
  region size 1024K, 13 young (13312K), 1 survivors (1024K)
 Metaspace       used 22578K, committed 22784K, reserved 1073152K
  class space    used 2204K, committed 2304K, reserved 1048576K
}
Event: 24.226 GC heap after
{Heap after GC invocations=6 (full 0):
 garbage-first heap   total 27648K, used 7250K [0x0000000082800000, 0x0000000100000000)
  region size 1024K, 1 young (1024K), 1 survivors (1024K)
 Metaspace       used 22578K, committed 22784K, reserved 1073152K
  class space    used 2204K, committed 2304K, reserved 1048576K
}
Event: 24.335 GC heap before
{Heap before GC invocations=6 (full 0):
 garbage-first heap   total 27648K, used 19538K [0x0000000082800000, 0x0000000100000000)
  region size 1024K, 13 young (13312K), 1 survivors (1024K)
 Metaspace       used 23371K, committed 23616K, reserved 1073152K
  class space    used 2292K, committed 2368K, reserved 1048576K
}
Event: 24.336 GC heap after
{Heap after GC invocations=7 (full 0):
 garbage-first heap   total 27648K, used 7670K [0x0000000082800000, 0x0000000100000000)
  region size 1024K, 1 young (1024K), 1 survivors (1024K)
 Metaspace       used 23371K, committed 23616K, reserved 1073152K
  class space    used 2292K, committed 2368K, reserved 1048576K
}

